"../../../Engine/Content/Functions/Engine_MaterialFunctions01/Opacity/CameraDepthFade.uasset" 0
"../../../Engine/Content/EngineMaterials/T_Default_Material_Grid_M.uasset" 1
"../../../Engine/Content/EngineMaterials/T_Default_Material_Grid_N.uasset" 2
"../../../Engine/Content/EngineMaterials/DefaultMaterial.uasset" 3
"../../../Engine/Content/BasicShapes/Cone.uasset" 4
"../../../Engine/Content/EngineMaterials/WorldGridMaterial.uasset" 5
"../../../Engine/Content/BasicShapes/Cube.uasset" 6
"../../../Engine/Content/BasicShapes/Plane.uasset" 7
"../../../Engine/Content/BasicShapes/Sphere.uasset" 8
"../../../Engine/Content/EditorLandscapeResources/DataLayer.uasset" 9
"../../../Engine/Content/EditorMaterials/GizmoMaterial.uasset" 10
"../../../Engine/Content/EditorMaterials/MAT_Groups_Toggle.uasset" 11
"../../../Engine/Content/EditorMaterials/MAT_Groups_Visibility.uasset" 12
"../../../Engine/Content/EditorMaterials/PreviewShadowIndicator.uasset" 13
"../../../Engine/Content/EditorMaterials/PreviewShadowIndicatorMaterial.uasset" 14
"../../../Engine/Content/EditorMaterials/AssetViewer/EpicQuadPanorama_CC+EV1.uasset" 15
"../../../Engine/Content/EditorMaterials/MatineeGroups/MAT_ColorTrack.uasset" 16
"../../../Engine/Content/EditorMaterials/MatineeGroups/MAT_Groups_Anim.uasset" 17
"../../../Engine/Content/EditorMaterials/MatineeGroups/MAT_Groups_AudioMaster.uasset" 18
"../../../Engine/Content/EditorMaterials/MatineeGroups/MAT_Groups_Director.uasset" 19
"../../../Engine/Content/EditorMaterials/MatineeGroups/MAT_Groups_Event.uasset" 20
"../../../Engine/Content/EditorMaterials/MatineeGroups/MAT_Groups_Fade.uasset" 21
"../../../Engine/Content/EditorMaterials/MatineeGroups/MAT_Groups_Float.uasset" 22
"../../../Engine/Content/EditorMaterials/MatineeGroups/MAT_Groups_Move.uasset" 23
"../../../Engine/Content/EditorMaterials/MatineeGroups/MAT_Groups_Slomo.uasset" 24
"../../../Engine/Content/EditorMaterials/MatineeGroups/MAT_Groups_Sound.uasset" 25
"../../../Engine/Content/EditorMaterials/MatineeGroups/MAT_Groups_Vector.uasset" 26
"../../../Engine/Content/EditorMaterials/ParticleSystems/PSysThumbnail_NoImage.uasset" 27
"../../../Engine/Content/EditorMaterials/ParticleSystems/PSysThumbnail_OOD.uasset" 28
"../../../Engine/Content/EditorMaterials/Camera/CineMat.uasset" 29
"../../../Engine/Content/EditorMaterials/Camera/MI_CineMat_Rig.uasset" 30
"../../../Engine/Content/EditorMeshes/Camera/SM_CraneRig_Arm.uasset" 31
"../../../Engine/Content/EditorMeshes/Camera/SM_CraneRig_Base.uasset" 32
"../../../Engine/Content/EditorMeshes/Camera/SM_CraneRig_Body.uasset" 33
"../../../Engine/Content/EditorMeshes/Camera/SM_CraneRig_Mount.uasset" 34
"../../../Engine/Content/EditorMeshes/Camera/SM_RailRig_Mount.uasset" 35
"../../../Engine/Content/EditorMeshes/Camera/SM_RailRig_Track.uasset" 36
"../../../Engine/Content/EditorMeshes/ColorCalibrator/M_ChromeBall.uasset" 37
"../../../Engine/Content/EditorMeshes/ColorCalibrator/M_ClearCoat.uasset" 38
"../../../Engine/Content/EditorMeshes/ColorCalibrator/M_ClearCoatBlack.uasset" 39
"../../../Engine/Content/EditorMeshes/ColorCalibrator/T_ColorGrid.uasset" 40
"../../../Engine/Content/EditorMeshes/ColorCalibrator/M_ColorGrid.uasset" 41
"../../../Engine/Content/EditorMeshes/ColorCalibrator/M_GreyBall.uasset" 42
"../../../Engine/Content/EditorMeshes/ColorCalibrator/SM_ColorCalibrator.uasset" 43
"../../../Engine/Content/EditorResources/BSPVertex.uasset" 44
"../../../Engine/Content/EditorResources/EmptyActor.uasset" 45
"../../../Engine/Content/EditorResources/RGBTable16x1_AssetViewer.uasset" 46
"../../../Engine/Content/EditorResources/S_Actor.uasset" 47
"../../../Engine/Content/EditorResources/S_Trigger.uasset" 48
"../../../Engine/Content/EditorResources/LightIcons/S_LightError.uasset" 49
"../../../Engine/Content/EditorResources/SequenceRecorder/Countdown.uasset" 50
"../../../Engine/Content/EditorResources/SequenceRecorder/RecordingIndicator.uasset" 51
"../../../Engine/Content/EditorSounds/Notifications/CompileFailed.uasset" 52
"../../../Engine/Content/EditorSounds/Notifications/CompileFailed_Cue.uasset" 53
"../../../Engine/Content/EditorSounds/Notifications/CompileSuccess.uasset" 54
"../../../Engine/Content/EditorSounds/Notifications/CompileStart_Cue.uasset" 55
"../../../Engine/Content/EditorSounds/Notifications/CompileSuccess_Cue.uasset" 56
"../../../Engine/Content/EngineDamageTypes/DmgTypeBP_Environmental.uasset" 57
"../../../Engine/Content/EngineDebugMaterials/HeatmapGradient.uasset" 58
"../../../Engine/Content/EngineDebugMaterials/BoneWeightMaterial.uasset" 59
"../../../Engine/Content/EngineDebugMaterials/DebugMeshMaterial.uasset" 60
"../../../Engine/Content/EngineDebugMaterials/GeomMaterial.uasset" 61
"../../../Engine/Content/EngineFonts/Faces/RobotoBold.uasset" 62
"../../../Engine/Content/EngineFonts/Faces/RobotoBoldItalic.uasset" 63
"../../../Engine/Content/EngineFonts/Faces/RobotoItalic.uasset" 64
"../../../Engine/Content/EngineFonts/Faces/RobotoLight.uasset" 65
"../../../Engine/Content/EngineFonts/Faces/RobotoRegular.uasset" 66
"../../../Engine/Content/EngineFonts/Roboto.uasset" 67
"../../../Engine/Content/EngineFonts/Faces/RobotoTiny.uasset" 68
"../../../Engine/Content/EngineFonts/RobotoTiny.uasset" 69
"../../../Engine/Content/EngineMaterials/DefaultBokeh.uasset" 70
"../../../Engine/Content/EngineMaterials/DefaultDiffuse.uasset" 71
"../../../Engine/Content/EngineMaterials/DefaultDeferredDecalMaterial.uasset" 72
"../../../Engine/Content/EngineMaterials/DefaultLightFunctionMaterial.uasset" 73
"../../../Engine/Content/EngineMaterials/DefaultPhysicalMaterial.uasset" 74
"../../../Engine/Content/Functions/Engine_MaterialFunctions02/Utility/BreakOutFloat2Components.uasset" 75
"../../../Engine/Content/EngineMaterials/DefaultPostProcessMaterial.uasset" 76
"../../../Engine/Content/EngineFonts/RobotoDistanceField.uasset" 77
"../../../Engine/Content/EngineMaterials/DefaultTextMaterialOpaque.uasset" 78
"../../../Engine/Content/EngineMaterials/DefaultWhiteGrid.uasset" 79
"../../../Engine/Content/EngineMaterials/EditorBrushMaterial.uasset" 80
"../../../Engine/Content/EngineMaterials/Good64x64TilingNoiseHighFreq.uasset" 81
"../../../Engine/Content/EngineMaterials/MiniFont.uasset" 82
"../../../Engine/Content/EngineMaterials/InvalidLightmapSettings.uasset" 83
"../../../Engine/Content/EngineMaterials/M_InvalidLightmapSettings.uasset" 84
"../../../Engine/Content/EngineMaterials/PhAT_JointLimitMaterial.uasset" 85
"../../../Engine/Content/EngineMaterials/PreintegratedSkinBRDF.uasset" 86
"../../../Engine/Content/EngineMaterials/RemoveSurfaceMaterial.uasset" 87
"../../../Engine/Content/EngineMaterials/WeightMapPlaceholderTexture.uasset" 88
"../../../Engine/Content/EngineResources/WhiteSquareTexture.uasset" 89
"../../../Engine/Content/EngineMaterials/Widget3DPassThrough.uasset" 90
"../../../Engine/Content/EngineMaterials/Widget3DPassThrough_Masked.uasset" 91
"../../../Engine/Content/EngineMaterials/Widget3DPassThrough_Opaque.uasset" 92
"../../../Engine/Content/EngineMaterials/Widget3DPassThrough_Masked_OneSided.uasset" 93
"../../../Engine/Content/EngineMaterials/Widget3DPassThrough_Opaque_OneSided.uasset" 94
"../../../Engine/Content/EngineMaterials/Widget3DPassThrough_Translucent.uasset" 95
"../../../Engine/Content/EngineMaterials/Widget3DPassThrough_Translucent_OneSided.uasset" 96
"../../../Engine/Content/EngineMeshes/Cube.uasset" 97
"../../../Engine/Content/EngineMeshes/Cylinder.uasset" 98
"../../../Engine/Content/EngineMeshes/Sphere.uasset" 99
"../../../Engine/Content/EngineResources/Black.uasset" 100
"../../../Engine/Content/EngineResources/DefaultTexture.uasset" 101
"../../../Engine/Content/EngineResources/DefaultTextureCube.uasset" 102
"../../../Engine/Content/EngineResources/GradientTexture0.uasset" 103
"../../../Engine/Content/EngineSounds/Master.uasset" 104
"../../../Engine/Content/Functions/Engine_MaterialFunctions01/Shading/ConvertFromDiffSpec.uasset" 105
"../../../Engine/Content/Functions/Engine_MaterialFunctions01/Shading/PowerToRoughness.uasset" 106
"../../../Engine/Content/Maps/Templates/Thumbnails/Default.uasset" 107
"../../../Engine/Content/Maps/Templates/Thumbnails/VR-Basic.uasset" 108
"../../../Engine/Content/MobileResources/T_MobileControls_texture.uasset" 109
"../../../Engine/Content/MobileResources/T_MobileMenu2.uasset" 110
"../../../Engine/Content/MobileResources/HUD/AnalogHat.uasset" 111
"../../../Engine/Content/MobileResources/HUD/VirtualJoystick_Background.uasset" 112
"../../../Engine/Content/MobileResources/HUD/VirtualJoystick_Thumb.uasset" 113
"../../../Engine/Content/MobileResources/HUD/DefaultVirtualJoysticks.uasset" 114
"../../../Engine/Content/MobileResources/HUD/LeftVirtualJoystickOnly.uasset" 115
"../../../Engine/Content/MobileResources/HUD/MobileHUDButton1_off.uasset" 116
"../../../Engine/Content/MobileResources/HUD/MobileHUDButton1_on.uasset" 117
"../../../Engine/Content/MobileResources/HUD/MobileHUDButton2_off.uasset" 118
"../../../Engine/Content/MobileResources/HUD/MobileHUDButton2_on.uasset" 119
"../../../Engine/Content/MobileResources/HUD/MobileHUDButton3.uasset" 120
"../../../Engine/Content/MobileResources/HUD/MobileHUDButtonFire.uasset" 121
"../../../Engine/Content/MobileResources/HUD/MobileHUDDirectionPad.uasset" 122
"../../../Engine/Content/MobileResources/HUD/MobileHUDDirectionPad2.uasset" 123
"../../../Engine/Content/MobileResources/HUD/MobileHUDDirectionPad3.uasset" 124
"../../../Engine/Content/MobileResources/HUD/MobileHUDDirectionStick.uasset" 125
"../../../Engine/Content/MobileResources/HUD/T_Castle_ThumbstickInner.uasset" 126
"../../../Engine/Content/MobileResources/HUD/T_Castle_ThumbstickOutter.uasset" 127
"../../../Engine/Content/Tutorial/ContentIntroCurve.uasset" 128
"../../../Engine/Content/Tutorial/Basics/TutorialAssets/CameraActor_64x.uasset" 129
"../../../Engine/Content/Tutorial/Basics/TutorialAssets/icon_tab_Levels_40x.uasset" 130
"../../../Engine/Content/Tutorial/BlueprintTutorials/TutorialAssets/BlueprintInterface_64x.uasset" 131
"../../../Engine/Content/Tutorial/BlueprintTutorials/TutorialAssets/BlueprintMacroLibrary_64x.uasset" 132
"../../../Engine/Content/Tutorial/BlueprintTutorials/TutorialAssets/Blueprint_64x.uasset" 133
"../../../Engine/Content/EditorBlueprintResources/ActorMacros.uasset" 134
"../../../Engine/Content/EditorBlueprintResources/StandardMacros.uasset" 135
"../../../Engine/Content/Tutorial/BlueprintTutorials/TutorialAssets/Tutorial_BP_Class.uasset" 136
"../../../Engine/Content/Tutorial/BlueprintTutorials/TutorialAssets/Tutorial_BP_Interface.uasset" 137
"../../../Engine/Content/Tutorial/Foliage/TutorialAssets/Foliage.uasset" 138
"../../../Engine/Content/Tutorial/Landscape/TutorialAssets/Landscape.uasset" 139
"../../../Engine/Content/Tutorial/Paper2D/TutorialAssets/Paper2DFlipbook_TutorialIcon.uasset" 140
"../../../Engine/Content/Tutorial/Paper2D/TutorialAssets/Paper2DSprite_TutorialIcon.uasset" 141
"../../../Engine/Content/Tutorial/SubEditors/TutorialAssets/icon_Editor_Preferences_General_40x.uasset" 142
"../../../Engine/Content/Tutorial/SubEditors/TutorialAssets/icon_ShowSkeletalMeshes_40x.uasset" 143
"../../../Engine/Content/Tutorial/SubEditors/TutorialAssets/TutorialMaterial.uasset" 144
"../../../Engine/Content/Tutorial/SubEditors/TutorialAssets/T_SmokeSubUV_8X8.uasset" 145
"../../../Engine/Content/Tutorial/SubEditors/TutorialAssets/T_soft_smoke.uasset" 146
"../../../Engine/Content/Tutorial/SubEditors/TutorialAssets/M_smoke_subUV_blackbody.uasset" 147
"../../../Engine/Content/Tutorial/SubEditors/TutorialAssets/TutorialParticleSystem.uasset" 148
"../../../Engine/Content/EditorMeshes/EditorCube.uasset" 149
"../../../Engine/Content/Tutorial/SubEditors/TutorialAssets/Tutorial_DM.uasset" 150
"../../../Engine/Content/VREditor/Devices/Generic/GenericHMDMaterial.uasset" 151
"../../../Engine/Content/VREditor/Devices/Generic/GenericHMD.uasset" 152
"../../../Engine/Content/VREditor/FloatingText/LineMaterial.uasset" 153
"../../../Engine/Content/VREditor/FloatingText/JointSphere.uasset" 154
"../../../Engine/Content/VREditor/FloatingText/LineSegmentCylinder.uasset" 155
"../../../Engine/Content/VREditor/Fonts/VRText_RobotoLarge.uasset" 156
"../../../Engine/Content/VREditor/Fonts/VRTextMaterial.uasset" 157
"../../../Engine/Content/VREditor/Fonts/TranslucentVRTextMaterial.uasset" 158
"../../../Engine/Content/VREditor/LaserPointer/VR_LaserPower_01.uasset" 159
"../../../Engine/Content/VREditor/LaserPointer/LaserPointerMaterial.uasset" 160
"../../../Engine/Content/VREditor/LaserPointer/LaserPointerMaterialInst.uasset" 161
"../../../Engine/Content/VREditor/LaserPointer/TranslucentLaserPointerMaterialInst.uasset" 162
"../../../Engine/Content/VREditor/LaserPointer/LaserPointerMesh.uasset" 163
"../../../Engine/Content/VREditor/Sounds/VR_grab_Cue.uasset" 164
"../../../Engine/Content/VREditor/Sounds/VR_teleport_Cue.uasset" 165
"../../../Engine/Content/VREditor/TransformGizmo/TransformGizmoMaterial.uasset" 166
"../../../Engine/Content/VREditor/TransformGizmo/TranslucentTransformGizmoMaterial.uasset" 167
"../../../Engine/Content/VREditor/TransformGizmo/BoundingBoxCorner.uasset" 168
"../../../Engine/Content/VREditor/TransformGizmo/BoundingBoxEdge.uasset" 169
"../../../Engine/Content/VREditor/TransformGizmo/PlaneTranslationHandle.uasset" 170
"../../../Engine/Content/VREditor/TransformGizmo/RotationHandle.uasset" 171
"../../../Engine/Content/VREditor/TransformGizmo/RotationHandleFull.uasset" 172
"../../../Engine/Content/VREditor/TransformGizmo/StretchingHandle.uasset" 173
"../../../Engine/Content/VREditor/TransformGizmo/TranslateHandleLong.uasset" 174
"../../../Engine/Content/VREditor/TransformGizmo/TranslationHandle.uasset" 175
"../../../Engine/Content/VREditor/TransformGizmo/UniformScaleHandle.uasset" 176
"../../../Engine/Content/VREditor/UI/CloseButtonMesh.uasset" 177
"../../../Engine/Content/VREditor/UI/SelectionBarMesh.uasset" 178
"../../../Engine/Content/Functions/Engine_MaterialFunctions01/Gradient/RadialGradient.uasset" 179
"../../../Engine/Content/VREditor/WorldMovementGrid/SimpleGrid.uasset" 180
"../../../Engine/Content/VREditor/WorldMovementGrid/GridMaterial.uasset" 181
"../../../Engine/Content/Functions/Engine_MaterialFunctions01/Density/ExponentialDensity.uasset" 182
"../../../Engine/Content/VREditor/WorldMovementGrid/GridPostProcess.uasset" 183
"../../../Engine/Content/EditorLandscapeResources/FlattenHeightMat.uasset" 184
"../../../Engine/Content/VREditor/WorldMovementGrid/PlaneMesh.uasset" 185
"../../../BarrelHopper/Content/Barrel_Hopper/1942.uasset" 186
"../../../BarrelHopper/Content/Barrel_Hopper/BH_font.uasset" 187
"../../../BarrelHopper/Content/Barrel_Hopper/BH_HUD.uasset" 188
"../../../BarrelHopper/Content/Barrel_Hopper/Character/Mesh/UE4_Mannequin_Skeleton.uasset" 189
"../../../BarrelHopper/Content/Barrel_Hopper/Character/Animations/ThirdPersonJump_End.uasset" 190
"../../../BarrelHopper/Content/Barrel_Hopper/Character/Animations/ThirdPersonJump_Loop.uasset" 191
"../../../BarrelHopper/Content/Barrel_Hopper/Character/Animations/ThirdPersonJump_Start.uasset" 192
"../../../BarrelHopper/Content/Barrel_Hopper/Character/Animations/ThirdPersonIdle.uasset" 193
"../../../BarrelHopper/Content/Barrel_Hopper/Character/Animations/ThirdPersonRun.uasset" 194
"../../../BarrelHopper/Content/Barrel_Hopper/Character/Animations/ThirdPersonWalk.uasset" 195
"../../../BarrelHopper/Content/Barrel_Hopper/Character/Animations/BH_Idle_Run_BS1D.uasset" 196
"../../../BarrelHopper/Content/Barrel_Hopper/Character/Animations/BH_character_AnimBP.uasset" 197
"../../../BarrelHopper/Content/Barrel_Hopper/Materials/wooden_Material/corkboard3b-albedo.uasset" 198
"../../../BarrelHopper/Content/Barrel_Hopper/Materials/wooden_Material/corkboard3b-ao.uasset" 199
"../../../BarrelHopper/Content/Barrel_Hopper/Materials/wooden_Material/corkboard3b-metalness.uasset" 200
"../../../BarrelHopper/Content/Barrel_Hopper/Materials/wooden_Material/corkboard3b-normal.uasset" 201
"../../../BarrelHopper/Content/Barrel_Hopper/Materials/wooden_Material/corkboard3b-roughnness.uasset" 202
"../../../BarrelHopper/Content/Barrel_Hopper/Materials/Woodenmtrl.uasset" 203
"../../../Engine/Content/BasicShapes/Cylinder.uasset" 204
"../../../BarrelHopper/Content/Barrel_Hopper/BH_barrel.uasset" 205
"../../../BarrelHopper/Content/Barrel_Hopper/GameModeBH/BHgamemode.uasset" 206
"../../../Engine/Content/Functions/Engine_MaterialFunctions02/Utility/BlendAngleCorrectedNormals.uasset" 207
"../../../Engine/Content/Functions/MaterialLayerFunctions/MatLayerBlend_NormalBlend.uasset" 208
"../../../Engine/Content/Functions/MaterialLayerFunctions/MatLayerBlend_Simple.uasset" 209
"../../../BarrelHopper/Content/Mannequin/Character/Materials/MaterialLayers/T_ML_Rubber_Blue_01_D.uasset" 210
"../../../BarrelHopper/Content/Mannequin/Character/Materials/MaterialLayers/T_ML_Rubber_Blue_01_N.uasset" 211
"../../../BarrelHopper/Content/Mannequin/Character/Materials/MaterialLayers/ML_GlossyBlack_Latex_UE4.uasset" 212
"../../../BarrelHopper/Content/Mannequin/Character/Materials/MaterialLayers/ML_Plastic_Shiny_Beige.uasset" 213
"../../../BarrelHopper/Content/Mannequin/Character/Textures/UE4_LOGO_CARD.uasset" 214
"../../../BarrelHopper/Content/Mannequin/Character/Materials/MaterialLayers/ML_Plastic_Shiny_Beige_LOGO.uasset" 215
"../../../BarrelHopper/Content/Mannequin/Character/Materials/MaterialLayers/T_ML_Aluminum01.uasset" 216
"../../../BarrelHopper/Content/Mannequin/Character/Materials/MaterialLayers/T_ML_Aluminum01_N.uasset" 217
"../../../BarrelHopper/Content/Mannequin/Character/Materials/MaterialLayers/ML_SoftMetal_UE4.uasset" 218
"../../../BarrelHopper/Content/Mannequin/Character/Textures/UE4_Mannequin__normals.uasset" 219
"../../../BarrelHopper/Content/Mannequin/Character/Textures/UE4_Mannequin_MAT_MASKA.uasset" 220
"../../../BarrelHopper/Content/Mannequin/Character/Materials/M_UE4Man_Body.uasset" 221
"../../../BarrelHopper/Content/Mannequin/Character/Textures/UE4Man_Logo_N.uasset" 222
"../../../BarrelHopper/Content/Mannequin/Character/Materials/M_UE4Man_ChestLogo.uasset" 223
"../../../BarrelHopper/Content/Mannequin/Character/Mesh/SK_Mannequin_PhysicsAsset.uasset" 224
"../../../BarrelHopper/Content/Barrel_Hopper/Character/Mesh/SK_Mannequin.uasset" 225
"../../../BarrelHopper/Content/Barrel_Hopper/Character/BH_Character.uasset" 226
"../../../BarrelHopper/Content/Barrel_Hopper/BH_Winner.uasset" 227
"../../../BarrelHopper/Content/Barrel_Hopper/Character/Animations/ThirdPerson_Jump.uasset" 228
"../../../BarrelHopper/Content/Barrel_Hopper/Character/Materials/M_UE4Man_Body.uasset" 229
"../../../BarrelHopper/Content/Barrel_Hopper/Character/Materials/M_UE4Man_ChestLogo.uasset" 230
"../../../BarrelHopper/Content/Barrel_Hopper/Character/Materials/MaterialLayers/ML_GlossyBlack_Latex_UE4.uasset" 231
"../../../BarrelHopper/Content/Barrel_Hopper/Character/Materials/MaterialLayers/ML_Plastic_Shiny_Beige.uasset" 232
"../../../BarrelHopper/Content/Barrel_Hopper/Character/Materials/MaterialLayers/ML_Plastic_Shiny_Beige_LOGO.uasset" 233
"../../../BarrelHopper/Content/Barrel_Hopper/Character/Materials/MaterialLayers/ML_SoftMetal_UE4.uasset" 234
"../../../BarrelHopper/Content/Barrel_Hopper/Character/Materials/MaterialLayers/T_ML_Aluminum01.uasset" 235
"../../../BarrelHopper/Content/Barrel_Hopper/Character/Materials/MaterialLayers/T_ML_Aluminum01_N.uasset" 236
"../../../BarrelHopper/Content/Barrel_Hopper/Character/Materials/MaterialLayers/T_ML_Rubber_Blue_01_D.uasset" 237
"../../../BarrelHopper/Content/Barrel_Hopper/Character/Materials/MaterialLayers/T_ML_Rubber_Blue_01_N.uasset" 238
"../../../BarrelHopper/Content/Barrel_Hopper/Character/Mesh/SK_Mannequin_PhysicsAsset.uasset" 239
"../../../BarrelHopper/Content/Barrel_Hopper/Character/Textures/UE4Man_Logo_N.uasset" 240
"../../../BarrelHopper/Content/Barrel_Hopper/Character/Textures/UE4_LOGO_CARD.uasset" 241
"../../../BarrelHopper/Content/Barrel_Hopper/Character/Textures/UE4_Mannequin_MAT_MASKA.uasset" 242
"../../../BarrelHopper/Content/Barrel_Hopper/Character/Textures/UE4_Mannequin__normals.uasset" 243
"../../../BarrelHopper/Content/Mannequin/Animations/ThirdPersonJump_End.uasset" 244
"../../../BarrelHopper/Content/Mannequin/Animations/ThirdPerson_Jump.uasset" 245
"../../../BarrelHopper/Content/Mannequin/Animations/ThirdPersonJump_Loop.uasset" 246
"../../../BarrelHopper/Content/Mannequin/Animations/ThirdPersonJump_Start.uasset" 247
"../../../BarrelHopper/Content/Mannequin/Animations/ThirdPersonIdle.uasset" 248
"../../../BarrelHopper/Content/Mannequin/Animations/ThirdPersonRun.uasset" 249
"../../../BarrelHopper/Content/Mannequin/Animations/ThirdPersonWalk.uasset" 250
"../../../BarrelHopper/Content/Mannequin/Animations/ThirdPerson_IdleRun_2D.uasset" 251
"../../../BarrelHopper/Content/Mannequin/Animations/ThirdPerson_AnimBP.uasset" 252
"../../../Engine/Plugins/2D/Paper2D/Content/DummySprite.uasset" 253
"../../../Engine/Plugins/2D/Paper2D/Content/DefaultPaperTerrainMaterial.uasset" 254
"../../../Engine/Plugins/2D/Paper2D/Content/DefaultSpriteMaterial.uasset" 255
"../../../Engine/Plugins/2D/Paper2D/Content/MaskedUnlitSpriteMaterial.uasset" 256
"../../../Engine/Plugins/2D/Paper2D/Content/OpaqueUnlitSpriteMaterial.uasset" 257
"../../../Engine/Plugins/2D/Paper2D/Content/PlaceholderTextures/DummySpriteTexture.uasset" 258
"../../../Engine/Content/EngineSky/C_Sky_Cloud_Color.uasset" 259
"../../../Engine/Content/EngineSky/C_Sky_Horizon_Color.uasset" 260
"../../../Engine/Content/EngineSky/C_Sky_Zenith_Color.uasset" 261
"../../../Engine/Content/EngineSky/T_Sky_Blue.uasset" 262
"../../../Engine/Content/EngineSky/T_Sky_Clouds_M.uasset" 263
"../../../Engine/Content/EngineSky/T_Sky_Stars.uasset" 264
"../../../Engine/Content/EngineSky/M_Sky_Panning_Clouds2.uasset" 265
"../../../Engine/Content/EngineSky/SM_SkySphere.uasset" 266
"../../../Engine/Content/EngineSky/BP_Sky_Sphere.uasset" 267
"../../../Engine/Content/MapTemplates/SM_Template_Map_Floor.uasset" 268
"../../../Engine/Content/Maps/Templates/Template_Default.umap" 269
"../../../BarrelHopper/Content/BarrelHopper.umap" 270
"../../../BarrelHopper/Content/BH_Barrelkiller_Blueprint.uasset" 271
"../../../BarrelHopper/Content/Barrel_Hopper/BH_Berrel_Spawner.uasset" 272
"../../../BarrelHopper/Content/Barrel_Hopper/Levels/BarrelHopperMap_BuiltData.uasset" 273
"../../../BarrelHopper/Content/sculptedfloorboards3_Unreal-Engine/sculptedfloorboards3_AO.uasset" 274
"../../../BarrelHopper/Content/sculptedfloorboards3_Unreal-Engine/sculptedfloorboards3_basecolor.uasset" 275
"../../../BarrelHopper/Content/sculptedfloorboards3_Unreal-Engine/sculptedfloorboards3_height.uasset" 276
"../../../BarrelHopper/Content/sculptedfloorboards3_Unreal-Engine/sculptedfloorboards3_metalness.uasset" 277
"../../../BarrelHopper/Content/sculptedfloorboards3_Unreal-Engine/sculptedfloorboards3_normal.uasset" 278
"../../../BarrelHopper/Content/sculptedfloorboards3_Unreal-Engine/sculptedfloorboards3_roughness.uasset" 279
"../../../BarrelHopper/Content/Barrel_Hopper/Materials/Floormtrl.uasset" 280
"../../../BarrelHopper/Content/stonewall/stonewall-albedo.uasset" 281
"../../../BarrelHopper/Content/stonewall/stonewall-ao.uasset" 282
"../../../BarrelHopper/Content/stonewall/stonewall-height2.uasset" 283
"../../../BarrelHopper/Content/stonewall/stonewall-metalness.uasset" 284
"../../../BarrelHopper/Content/stonewall/stonewall-normal.uasset" 285
"../../../BarrelHopper/Content/stonewall/stonewall-roughness.uasset" 286
"../../../BarrelHopper/Content/Barrel_Hopper/Materials/wallmtrl.uasset" 287
"../../../BarrelHopper/Content/Barrel_Hopper/Static_Meshes/Box_Brush_StaticMesh.uasset" 288
"../../../BarrelHopper/Content/Barrel_Hopper/Levels/BarrelHopperMap.umap" 289
"../../../Engine/Content/Maps/Entry.umap" 290
